internal/modules/cjs/loader.js:796
    throw err;
    ^

Error: Cannot find module 'D:\src_projet\src_projet\gestion_ms\api\app.js'
    at Function.Module._resolveFilename (internal/modules/cjs/loadinternal/modules/cjs/loader.er.js:793:17)
    at Fujs:796
    throw err;
    ^

Error: Cannot find module 'D:\src_projet\src_projet\gestiointernaln/nction.Module._load (internal/modules/cjs/loader.js:686:27)
    at Function.Module.runMain (internal/modules/cjs/loader.js:1043:10)
    at internal/main/run_main_module.js:17:11 {
  code: 'MODULE_NOT_FOUND',
  requireStack: []
}
_mmosd\uslteast/sc\jsst/altosa-dseerr.jsv:i7c9e6.
    throwj se'r
r ; 
    a  ^

Error: Cannot fitnd module 'D:\src_projet\src_projet\gestion _Fmusn\cwtri\ownr.-Msoedruvliec.e_.rjess'o
l v e F ialte nFaumnec t(iionnt.eMrondaull/em.o_druelses/cjs/oloader.js:793:17)
    at Function.MlovdeuFliel.e_nlaomaed  ((iinntteerrnnaall//mmoodduulleess//ccjjss//llooaaddeerr..jjss::769836::1277))

        aatt  FFuunnccttiioonn..MMoodduullee.._rluonaMda i(ni n(tienrtnearln/amlo/dmuoldeusl/ecsj/sc/jlso/aldoeard.ejrs.:j686:27s):
1 0 4 3 :a1t0 )F
u n c t iaotn .iMnotdeurlnea.lr/umnaMiani/nr u(ni_nmtaeirnn_amlo/dmuoldeu.ljess:/1c7j:s1/1l o{a
d e rc.ojdse::1 0'4M3O:D1U0L)E
_ N O T _aFtO UiNnDt'e,r
n a lr/emqauiinr/erSutna_cmka:i n[_]m
o}d
ule.js:17:11 {
  code: 'MODULE_NOT_FOUND',
  requireStack: []
}
{"kind":"listen","case":"INIT","data":[{"port":5000,"pin":"role:stats,cmd:*"}],"callpoint":"at callpoint (D:\\Work-Api\\node_modules\\seneca\\seneca.js:738:30)","level":300,"isot":"2020-04-10T17:26:23.865Z","when":1586539583865,"level_name":"info","seneca_id":"2xipubdn5wwp/1586539583789/14612/3.20.3/-"}
{"kind":"client","case":"INIT","data":[{"port":5000,"pin":"role:stats,cmd:*"}],"callpoint":"at callpoint (D:\\Work-Api\\node_modules\\seneca\\seneca.js:738:30)","level":300,"isot":"2020-04-10T17:26:23.868Z","when":1586539583868,"level_name":"info","seneca_id":"pvoicp5savol/1586539583791/19956/3.20.3/-"}
{"kind":"listen","case":"INIT","data":[{"port":4000,"pin":"role:wr,cmd:*"}],"callpoint":"at callpoint (D:\\Work-Api\\node_modules\\seneca\\seneca.js:738:30)","level":300,"isot":"2020-04-10T17:26:23.872Z","when":1586539583872,"level_name":"info","seneca_id":"pvoicp5savol/1586539583791/19956/3.20.3/-"}
{"kind":"plugin","case":"READY","name":"transport","level":300,"isot":"2020-04-10T17:26:23.879Z","when":1586539583879,"level_name":"info","seneca_id":"2xipubdn5wwp/1586539583789/14612/3.20.3/-","seneca_did":"oac5/qned","plugin_name":"transport","actid":"26pa0nxwm3al/my4ba3v42kdv","pattern":"name:transport,plugin:define,role:seneca,seq:1,tag:undefined","action":"plugin_definition_7","idpath":"my4ba.26pa0"}
{"kind":"plugin","case":"READY","name":"transport","level":300,"isot":"2020-04-10T17:26:23.886Z","when":1586539583886,"level_name":"info","seneca_id":"pvoicp5savol/1586539583791/19956/3.20.3/-","seneca_did":"ih5g/uei9","plugin_name":"transport","actid":"m7l6bwwmtg6v/797tycr5nc97","pattern":"name:transport,plugin:define,role:seneca,seq:1,tag:undefined","action":"plugin_definition_7","idpath":"797ty.m7l6b"}
{"kind":"plugin","case":"READY","name":"mem-store","tag":1,"level":300,"isot":"2020-04-10T17:26:23.891Z","when":1586539583891,"level_name":"info","seneca_id":"2xipubdn5wwp/1586539583789/14612/3.20.3/-","seneca_did":"tlhu/lgaz","plugin_name":"mem-store","actid":"ndry22o42u3u/p53ii7bjtp35","pattern":"name:mem-store,plugin:define,role:seneca,seq:2,tag:undefined","action":"plugin_definition_9","idpath":"p53ii.ndry2"}
{"kind":"plugin","case":"READY","name":"entity","level":300,"isot":"2020-04-10T17:26:23.893Z","when":1586539583893,"level_name":"info","seneca_id":"2xipubdn5wwp/1586539583789/14612/3.20.3/-","seneca_did":"d566/ux8a","plugin_name":"entity","actid":"1wkfjd1uah7y/jkib04lv64ln","pattern":"name:entity,plugin:define,role:seneca,seq:3,tag:undefined","action":"plugin_definition_10","idpath":"jkib0.1wkfj"}
{"kind":"plugin","case":"READY","name":"mem-store","tag":1,"level":300,"isot":"2020-04-10T17:26:23.896Z","when":1586539583896,"level_name":"info","seneca_id":"pvoicp5savol/1586539583791/19956/3.20.3/-","seneca_did":"fhk8/4qdd","plugin_name":"mem-store","actid":"43wuxw6op8jj/ic424eryisna","pattern":"name:mem-store,plugin:define,role:seneca,seq:2,tag:undefined","action":"plugin_definition_9","idpath":"ic424.43wux"}
{"kind":"plugin","case":"READY","name":"stats-service","level":300,"isot":"2020-04-10T17:26:23.897Z","when":1586539583897,"level_name":"info","seneca_id":"2xipubdn5wwp/1586539583789/14612/3.20.3/-","seneca_did":"wabx/62il","plugin_name":"stats-service","actid":"vk4l797gooap/m9vlm98ff7q3","pattern":"name:stats-service,plugin:define,role:seneca,seq:4,tag:undefined","action":"plugin_definition_11","idpath":"m9vlm.vk4l7"}
{"kind":"plugin","case":"READY","name":"entity","level":300,"isot":"2020-04-10T17:26:23.899Z","when":1586539583899,"level_name":"info","seneca_id":"pvoicp5savol/1586539583791/19956/3.20.3/-","seneca_did":"rgb7/4jt2","plugin_name":"entity","actid":"kbhofagb2e8f/r5qupnq1c0is","pattern":"name:entity,plugin:define,role:seneca,seq:3,tag:undefined","action":"plugin_definition_10","idpath":"r5qup.kbhof"}
{"kind":"plugin","case":"READY","name":"wr-service","level":300,"isot":"2020-04-10T17:26:23.902Z","when":1586539583902,"level_name":"info","seneca_id":"pvoicp5savol/1586539583791/19956/3.20.3/-","seneca_did":"79gs/qrd1","plugin_name":"wr-service","actid":"v507eu695e8n/trzwykxdr5ee","pattern":"name:wr-service,plugin:define,role:seneca,seq:4,tag:undefined","action":"plugin_definition_11","idpath":"trzwy.v507e"}
{"kind":"client","case":"INIT","data":[{"port":5000,"pin":"role:stats,cmd:*"}],"callpoint":"at callpoint (D:\\Work-Api\\node_modules\\seneca\\seneca.js:738:30)","level":300,"isot":"2020-04-10T17:26:23.919Z","when":1586539583919,"level_name":"info","seneca_id":"2zj7oct7e9i9/1586539583850/2852/3.20.3/-"}
{"kind":"client","case":"INIT","data":[{"port":4000,"pin":"role:wr,cmd:*"}],"callpoint":"at callpoint (D:\\Work-Api\\node_modules\\seneca\\seneca.js:738:30)","level":300,"isot":"2020-04-10T17:26:23.922Z","when":1586539583922,"level_name":"info","seneca_id":"2zj7oct7e9i9/1586539583850/2852/3.20.3/-"}
{"kind":"plugin","case":"READY","name":"transport","level":300,"isot":"2020-04-10T17:26:23.934Z","when":1586539583934,"level_name":"info","seneca_id":"2zj7oct7e9i9/1586539583850/2852/3.20.3/-","seneca_did":"8n5n/94yg","plugin_name":"transport","actid":"wsgu6i4pec0p/5nri98bk15fc","pattern":"name:transport,plugin:define,role:seneca,seq:1,tag:undefined","action":"plugin_definition_7","idpath":"5nri9.wsgu6"}
{"kind":"plugin","case":"READY","name":"web","level":300,"isot":"2020-04-10T17:26:23.940Z","when":1586539583940,"level_name":"info","seneca_id":"2zj7oct7e9i9/1586539583850/2852/3.20.3/-","seneca_did":"5oq6/ro2h","plugin_name":"web","actid":"vo4pau9rthhv/xew8woq9r9g4","pattern":"name:web,plugin:define,role:seneca,seq:2,tag:undefined","action":"plugin_definition_8","idpath":"xew8w.vo4pa"}
{"kind":"plugin","case":"READY","name":"mem-store","tag":1,"level":300,"isot":"2020-04-10T17:26:23.946Z","when":1586539583946,"level_name":"info","seneca_id":"2zj7oct7e9i9/1586539583850/2852/3.20.3/-","seneca_did":"ci4g/06ai","plugin_name":"mem-store","actid":"nq975cnowbiw/p8mhiiditf3c","pattern":"name:mem-store,plugin:define,role:seneca,seq:3,tag:undefined","action":"plugin_definition_10","idpath":"p8mhi.nq975"}
{"kind":"plugin","case":"READY","name":"entity","level":300,"isot":"2020-04-10T17:26:23.948Z","when":1586539583948,"level_name":"info","seneca_id":"2zj7oct7e9i9/1586539583850/2852/3.20.3/-","seneca_did":"4wuj/rxsc","plugin_name":"entity","actid":"mqubvwf58i8e/xrtodiarqcaz","pattern":"name:entity,plugin:define,role:seneca,seq:4,tag:undefined","action":"plugin_definition_11","idpath":"xrtod.mqubv"}
{"kind":"notice","data":"hello 2xipubdn5wwp/1586539583789/14612/3.20.3/-","level":300,"isot":"2020-04-10T17:26:23.966Z","when":1586539583966,"level_name":"info","seneca_id":"2xipubdn5wwp/1586539583789/14612/3.20.3/-"}
{"kind":"notice","data":"hello pvoicp5savol/1586539583791/19956/3.20.3/-","level":300,"isot":"2020-04-10T17:26:23.970Z","when":1586539583970,"level_name":"info","seneca_id":"pvoicp5savol/1586539583791/19956/3.20.3/-"}
{"kind":"notice","data":"hello 2zj7oct7e9i9/1586539583850/2852/3.20.3/-","level":300,"isot":"2020-04-10T17:26:24.022Z","when":1586539584022,"level_name":"info","seneca_id":"2zj7oct7e9i9/1586539583850/2852/3.20.3/-"}
